<?xml version="1.0" encoding="UTF-8"?>
<!-- Generated by org.testng.reporters.JUnitReportReporter -->
<testsuite skipped="0" hostname="ip-172-31-68-121" name="tests.LoginTest" tests="1" failures="0" timestamp="2020-11-22T18:02:35 UTC" time="4.992" errors="0">
  <testcase name="login" time="4.992" classname="tests.LoginTest"/>
  <system-out/>
</testsuite> <!-- tests.LoginTest -->
